12:16:28.907 [main] INFO  Work.ValidateTitle - Driver is initialized
12:17:12.377 [main] INFO  Work.ValidateTitle - Navigated to Home Page
12:17:12.487 [main] INFO  Work.ValidateTitle - Successfully validated NavBar
12:17:12.525 [main] INFO  Work.ValidateTitle - Successfully validated Title
12:17:34.096 [main] INFO  Work.ValidateTitle - testing in Adol
12:18:02.450 [main] INFO  Work.ValidateTitle - azharin adol
14:26:29.503 [main] INFO  Work.ValidateTitle - Successfully validated NavBar
14:26:32.645 [main] INFO  Work.ValidateTitle - Driver is initialized
14:27:27.475 [main] INFO  Work.ValidateTitle - Navigated to Home Page
14:27:27.526 [main] INFO  Work.ValidateTitle - Successfully validated Title
14:28:36.735 [main] INFO  Work.ValidateTitle - testing in Adol
14:28:59.995 [main] INFO  Work.ValidateTitle - azharin adol
15:38:52.365 [main] INFO  Work.ValidateTitle - azharin adol
15:41:19.296 [main] INFO  Work.ValidateTitle - Successfully validated NavBar
15:41:22.473 [main] INFO  Work.ValidateTitle - Driver is initialized
15:42:24.414 [main] INFO  Work.ValidateTitle - Navigated to Home Page
15:42:24.457 [main] INFO  Work.ValidateTitle - Successfully validated Title
15:43:31.802 [main] INFO  Work.ValidateTitle - testing in Adol
15:43:54.004 [main] INFO  Work.ValidateTitle - azharin adol
15:45:07.426 [main] INFO  Work.ValidateTitle - azharin adol
12:47:05.701 [main] INFO  Work.ValidateTitle - testing in Adol
12:47:25.803 [main] INFO  Work.ValidateTitle - azharin adol
12:48:22.902 [main] INFO  Work.ValidateTitle - Successfully validated NavBar
12:49:11.354 [main] INFO  Work.ValidateTitle - Driver is initialized
12:49:45.576 [main] INFO  Work.ValidateTitle - Navigated to Home Page
12:49:45.654 [main] INFO  Work.ValidateTitle - Successfully validated Title
14:55:36.717 [main] INFO  Work.ValidateTitle - Successfully validated NavBar
14:55:40.054 [main] INFO  Work.ValidateTitle - Driver is initialized
14:56:13.708 [main] INFO  Work.ValidateTitle - Navigated to Home Page
14:56:13.756 [main] INFO  Work.ValidateTitle - Successfully validated Title
14:56:56.778 [main] INFO  Work.ValidateTitle - testing in Adol
14:57:16.455 [main] INFO  Work.ValidateTitle - azharin adol
14:58:05.927 [main] INFO  Work.ValidateTitle - azharin adol
17:25:49.679 [main] INFO  Work.ValidateTitle - Successfully validated NavBar
17:25:52.926 [main] INFO  Work.ValidateTitle - Driver is initialized
17:26:27.456 [main] INFO  Work.ValidateTitle - Navigated to Home Page
17:26:27.504 [main] INFO  Work.ValidateTitle - Successfully validated Title
17:27:11.405 [main] INFO  Work.ValidateTitle - testing in Adol
17:27:32.271 [main] INFO  Work.ValidateTitle - azharin adol
17:43:31.883 [main] INFO  Work.ValidateTitle - Successfully validated NavBar
17:43:35.041 [main] INFO  Work.ValidateTitle - Driver is initialized
17:44:10.078 [main] INFO  Work.ValidateTitle - Navigated to Home Page
17:44:10.130 [main] INFO  Work.ValidateTitle - Successfully validated Title
17:44:53.271 [main] INFO  Work.ValidateTitle - testing in Adol
17:45:13.667 [main] INFO  Work.ValidateTitle - azharin adol
17:56:48.058 [main] INFO  Work.ValidateTitle - Successfully validated NavBar
17:56:51.376 [main] INFO  Work.ValidateTitle - Driver is initialized
17:57:25.148 [main] INFO  Work.ValidateTitle - Navigated to Home Page
17:57:25.212 [main] INFO  Work.ValidateTitle - Successfully validated Title
17:58:07.839 [main] INFO  Work.ValidateTitle - testing in Adol
17:58:26.950 [main] INFO  Work.ValidateTitle - azharin adol
17:59:16.965 [main] INFO  Work.ValidateTitle - azharin adol
20:16:27.378 [main] INFO  Work.ValidateTitle - Successfully validated NavBar
20:16:30.784 [main] INFO  Work.ValidateTitle - Driver is initialized
20:17:05.683 [main] INFO  Work.ValidateTitle - Navigated to Home Page
20:17:05.734 [main] INFO  Work.ValidateTitle - Successfully validated Title
20:17:49.670 [main] INFO  Work.ValidateTitle - testing in Adol
20:18:12.570 [main] INFO  Work.ValidateTitle - azharin adol
20:19:02.678 [main] INFO  Work.ValidateTitle - azharin adol
20:22:20.015 [main] INFO  Work.ValidateTitle - Successfully validated NavBar
20:22:23.494 [main] INFO  Work.ValidateTitle - Driver is initialized
20:22:58.413 [main] INFO  Work.ValidateTitle - Navigated to Home Page
20:22:58.485 [main] INFO  Work.ValidateTitle - Successfully validated Title
20:23:42.679 [main] INFO  Work.ValidateTitle - testing in Adol
20:24:02.637 [main] INFO  Work.ValidateTitle - azharin adol
20:24:53.068 [main] INFO  Work.ValidateTitle - azharin adol
11:10:01.939 [main] INFO  Work.ValidateTitle - Successfully validated NavBar
11:10:05.368 [main] INFO  Work.ValidateTitle - Driver is initialized
11:10:40.490 [main] INFO  Work.ValidateTitle - Navigated to Home Page
11:10:40.551 [main] INFO  Work.ValidateTitle - Successfully validated Title
11:11:25.163 [main] INFO  Work.ValidateTitle - testing in Adol
11:11:46.313 [main] INFO  Work.ValidateTitle - azharin adol
11:12:36.911 [main] INFO  Work.ValidateTitle - azharin adol
11:14:57.132 [main] INFO  Work.ValidateTitle - Successfully validated NavBar
11:15:00.659 [main] INFO  Work.ValidateTitle - Driver is initialized
11:15:38.939 [main] INFO  Work.ValidateTitle - Navigated to Home Page
11:15:38.983 [main] INFO  Work.ValidateTitle - Successfully validated Title
11:16:24.053 [main] INFO  Work.ValidateTitle - testing in Adol
11:16:44.820 [main] INFO  Work.ValidateTitle - azharin adol
11:17:36.188 [main] INFO  Work.ValidateTitle - azharin adol
17:01:34.565 [main] INFO  Work.ValidateTitle - Successfully validated NavBar
17:01:38.060 [main] INFO  Work.ValidateTitle - Driver is initialized
17:02:13.811 [main] INFO  Work.ValidateTitle - Navigated to Home Page
17:02:13.860 [main] INFO  Work.ValidateTitle - Successfully validated Title
17:02:58.538 [main] INFO  Work.ValidateTitle - testing in Adol
17:03:19.654 [main] INFO  Work.ValidateTitle - azharin adol
17:04:11.535 [main] INFO  Work.ValidateTitle - azharin adol
